\BOOKMARK [1][-]{section.1}{Introducci\363n}{}% 1
\BOOKMARK [2][-]{subsection.1.1}{Descripci\363n del problema}{section.1}% 2
\BOOKMARK [2][-]{subsection.1.2}{Planteamiento del problema}{section.1}% 3
\BOOKMARK [1][-]{section.2}{Desarrollo}{}% 4
\BOOKMARK [2][-]{subsection.2.1}{Macros}{section.2}% 5
\BOOKMARK [3][-]{subsubsection.2.1.1}{Clear}{subsection.2.1}% 6
\BOOKMARK [3][-]{subsubsection.2.1.2}{Delete}{subsection.2.1}% 7
\BOOKMARK [3][-]{subsubsection.2.1.3}{printDigito}{subsection.2.1}% 8
\BOOKMARK [2][-]{subsection.2.2}{Procedimientos}{section.2}% 9
\BOOKMARK [3][-]{subsubsection.2.2.1}{leerNumero}{subsection.2.2}% 10
\BOOKMARK [3][-]{subsubsection.2.2.2}{printNumero}{subsection.2.2}% 11
\BOOKMARK [2][-]{subsection.2.3}{Suma}{section.2}% 12
\BOOKMARK [2][-]{subsection.2.4}{Resta}{section.2}% 13
\BOOKMARK [2][-]{subsection.2.5}{Multiplicaci\363n}{section.2}% 14
\BOOKMARK [2][-]{subsection.2.6}{Divisi\363n}{section.2}% 15
\BOOKMARK [2][-]{subsection.2.7}{Menu}{section.2}% 16
\BOOKMARK [1][-]{section.3}{Diagramas de Flujo.}{}% 17
\BOOKMARK [1][-]{section.4}{Pruebas de Escritorio}{}% 18
\BOOKMARK [2][-]{subsection.4.1}{leerNum}{section.4}% 19
\BOOKMARK [2][-]{subsection.4.2}{Diagrama Principal}{section.4}% 20
\BOOKMARK [2][-]{subsection.4.3}{Impresi\363n}{section.4}% 21
\BOOKMARK [1][-]{section.5}{Conclusi\363n}{}% 22
